# JRE version: Java(TM) SE Runtime Environment (11.0.2+9) (build 11.0.2+9-LTS)
# Java VM: Java HotSpot(TM) 64-Bit Server VM (11.0.2+9-LTS, mixed mode, tiered, compressed oops, g1 gc, windows-amd64)
Heap:
 garbage-first heap   total 262144K, used 53919K [0x00000000e0000000, 0x0000000100000000)
  region size 1024K, 31 young (31744K), 15 survivors (15360K)
 Metaspace       used 56596K, capacity 58468K, committed 58832K, reserved 436224K
  class space    used 7507K, capacity 8206K, committed 8320K, reserved 385024K
GC Heap History (10 events):
Event: 9.214 GC heap before
{Heap before GC invocations=1 (full 0):
 garbage-first heap   total 262144K, used 119091K [0x00000000e0000000, 0x0000000100000000)
  region size 1024K, 110 young (112640K), 3 survivors (3072K)
 Metaspace       used 20729K, capacity 21187K, committed 21296K, reserved 405504K
  class space    used 2514K, capacity 2688K, committed 2688K, reserved 385024K
}
Event: 9.226 GC heap after
{Heap after GC invocations=2 (full 0):
 garbage-first heap   total 262144K, used 18647K [0x00000000e0000000, 0x0000000100000000)
  region size 1024K, 11 young (11264K), 11 survivors (11264K)
 Metaspace       used 20729K, capacity 21187K, committed 21296K, reserved 405504K
  class space    used 2514K, capacity 2688K, committed 2688K, reserved 385024K
}
Event: 10.273 GC heap before
{Heap before GC invocations=3 (full 0):
 garbage-first heap   total 262144K, used 82135K [0x00000000e0000000, 0x0000000100000000)
  region size 1024K, 74 young (75776K), 11 survivors (11264K)
 Metaspace       used 25956K, capacity 26588K, committed 26672K, reserved 409600K
  class space    used 3373K, capacity 3637K, committed 3712K, reserved 385024K
}
Event: 10.285 GC heap after
{Heap after GC invocations=4 (full 0):
 garbage-first heap   total 262144K, used 20897K [0x00000000e0000000, 0x0000000100000000)
  region size 1024K, 3 young (3072K), 3 survivors (3072K)
 Metaspace       used 25956K, capacity 26588K, committed 26672K, reserved 409600K
  class space    used 3373K, capacity 3637K, committed 3712K, reserved 385024K
}
Event: 12.179 GC heap before
{Heap before GC invocations=4 (full 0):
 garbage-first heap   total 262144K, used 109985K [0x00000000e0000000, 0x0000000100000000)
  region size 1024K, 91 young (93184K), 3 survivors (3072K)
 Metaspace       used 34942K, capacity 35910K, committed 35920K, reserved 417792K
  class space    used 4731K, capacity 5110K, committed 5120K, reserved 385024K
}
Event: 12.192 GC heap after
{Heap after GC invocations=5 (full 0):
 garbage-first heap   total 262144K, used 23846K [0x00000000e0000000, 0x0000000100000000)
  region size 1024K, 6 young (6144K), 6 survivors (6144K)
 Metaspace       used 34942K, capacity 35910K, committed 35920K, reserved 417792K
  class space    used 4731K, capacity 5110K, committed 5120K, reserved 385024K
}
Event: 14.740 GC heap before
{Heap before GC invocations=6 (full 0):
 garbage-first heap   total 262144K, used 153894K [0x00000000e0000000, 0x0000000100000000)
  region size 1024K, 127 young (130048K), 6 survivors (6144K)
 Metaspace       used 47248K, capacity 48636K, committed 48720K, reserved 428032K
  class space    used 6107K, capacity 6615K, committed 6656K, reserved 385024K
}
Event: 14.765 GC heap after
{Heap after GC invocations=7 (full 0):
 garbage-first heap   total 262144K, used 33157K [0x00000000e0000000, 0x0000000100000000)
  region size 1024K, 15 young (15360K), 15 survivors (15360K)
 Metaspace       used 47248K, capacity 48636K, committed 48720K, reserved 428032K
  class space    used 6107K, capacity 6615K, committed 6656K, reserved 385024K
}
Event: 18.712 GC heap before
{Heap before GC invocations=7 (full 0):
 garbage-first heap   total 262144K, used 174469K [0x00000000e0000000, 0x0000000100000000)
  region size 1024K, 153 young (156672K), 15 survivors (15360K)
 Metaspace       used 56426K, capacity 58289K, committed 58448K, reserved 436224K
  class space    used 7479K, capacity 8188K, committed 8192K, reserved 385024K
}
Event: 18.777 GC heap after
{Heap after GC invocations=8 (full 0):
 garbage-first heap   total 262144K, used 38559K [0x00000000e0000000, 0x0000000100000000)
  region size 1024K, 15 young (15360K), 15 survivors (15360K)
 Metaspace       used 56426K, capacity 58289K, committed 58448K, reserved 436224K
  class space    used 7479K, capacity 8188K, committed 8192K, reserved 385024K
}

